<?xml version="1.0" encoding="UTF-8"?>
<testng-results skipped="0" failed="0" ignored="0" total="1" passed="1">
  <reporter-output>
  </reporter-output>
  <suite name="Default suite" duration-ms="24600" started-at="2018-08-26T06:11:21Z" finished-at="2018-08-26T06:11:45Z">
    <groups>
    </groups>
    <test name="Default test" duration-ms="24600" started-at="2018-08-26T06:11:21Z" finished-at="2018-08-26T06:11:45Z">
      <class name="sampleGit.SampleGit">
        <test-method status="PASS" signature="login()[pri:0, instance:sampleGit.SampleGit@687080dc]" name="login" duration-ms="24536" started-at="2018-08-26T06:11:21Z" finished-at="2018-08-26T06:11:45Z">
          <reporter-output>
          </reporter-output>
        </test-method> <!-- login -->
      </class> <!-- sampleGit.SampleGit -->
    </test> <!-- Default test -->
  </suite> <!-- Default suite -->
</testng-results>
